<?xml version="1.0" encoding="UTF-8"?>
<testsuite name="com.fourshil.musicya.util.LyricsParserTest" tests="9" skipped="0" failures="0" errors="0" timestamp="2026-01-18T10:06:09.682Z" hostname="ASHF4" time="0.09">
  <properties/>
  <testcase name="parse LRC with colon timestamp format" classname="com.fourshil.musicya.util.LyricsParserTest" time="0.075"/>
  <testcase name="parse LRC with milliseconds format" classname="com.fourshil.musicya.util.LyricsParserTest" time="0.001"/>
  <testcase name="empty lyrics returns -1 for getCurrentLineIndex" classname="com.fourshil.musicya.util.LyricsParserTest" time="0.0"/>
  <testcase name="parse simple LRC with timestamps" classname="com.fourshil.musicya.util.LyricsParserTest" time="0.005"/>
  <testcase name="getCurrentLineIndex returns correct index" classname="com.fourshil.musicya.util.LyricsParserTest" time="0.001"/>
  <testcase name="parse LRC with multiple timestamps per line" classname="com.fourshil.musicya.util.LyricsParserTest" time="0.001"/>
  <testcase name="parse LRC with metadata tags" classname="com.fourshil.musicya.util.LyricsParserTest" time="0.003"/>
  <testcase name="empty lines are skipped" classname="com.fourshil.musicya.util.LyricsParserTest" time="0.0"/>
  <testcase name="lines are sorted by timestamp" classname="com.fourshil.musicya.util.LyricsParserTest" time="0.002"/>
  <system-out><![CDATA[]]></system-out>
  <system-err><![CDATA[]]></system-err>
</testsuite>
